# JRE version: Java(TM) SE Runtime Environment (19.0.1+10) (build 19.0.1+10-21)
# Java VM: Java HotSpot(TM) 64-Bit Server VM (19.0.1+10-21, mixed mode, sharing, tiered, compressed oops, compressed class ptrs, g1 gc, windows-amd64)
GC Precious Log:
 CardTable entry size: 512
 Card Set container configuration: InlinePtr #cards 5 size 8 Array Of Cards #cards 12 size 40 Howl #buckets 4 coarsen threshold 1843 Howl Bitmap #cards 512 size 80 coarsen threshold 460 Card regions per heap region 1 cards per card region 2048
 CPUs: 8 total, 8 available
 Memory: 7103M
 Large Page Support: Disabled
 NUMA Support: Disabled
 Compressed Oops: Enabled (32-bit)
 Heap Region Size: 1M
 Heap Min Capacity: 8M
 Heap Initial Capacity: 112M
 Heap Max Capacity: 1776M
 Pre-touch: Disabled
 Parallel Workers: 8
 Concurrent Workers: 2
 Concurrent Refinement Workers: 8
 Periodic GC: Disabled
Heap:
 garbage-first heap   total 51200K, used 23980K [0x0000000091000000, 0x0000000100000000)
  region size 1024K, 8 young (8192K), 2 survivors (2048K)
 Metaspace       used 37144K, committed 37696K, reserved 1114112K
  class space    used 4528K, committed 4800K, reserved 1048576K
GC Heap History (16 events):
Event: 0.895 GC heap before
{Heap before GC invocations=0 (full 0):
 garbage-first heap   total 114688K, used 23552K [0x0000000091000000, 0x0000000100000000)
  region size 1024K, 23 young (23552K), 0 survivors (0K)
 Metaspace       used 5763K, committed 6016K, reserved 1114112K
  class space    used 642K, committed 768K, reserved 1048576K
}
Event: 0.900 GC heap after
{Heap after GC invocations=1 (full 0):
 garbage-first heap   total 114688K, used 6692K [0x0000000091000000, 0x0000000100000000)
  region size 1024K, 3 young (3072K), 3 survivors (3072K)
 Metaspace       used 5763K, committed 6016K, reserved 1114112K
  class space    used 642K, committed 768K, reserved 1048576K
}
Event: 1.488 GC heap before
{Heap before GC invocations=1 (full 0):
 garbage-first heap   total 114688K, used 36388K [0x0000000091000000, 0x0000000100000000)
  region size 1024K, 33 young (33792K), 3 survivors (3072K)
 Metaspace       used 13927K, committed 14208K, reserved 1114112K
  class space    used 1610K, committed 1728K, reserved 1048576K
}
Event: 1.494 GC heap after
{Heap after GC invocations=2 (full 0):
 garbage-first heap   total 114688K, used 9537K [0x0000000091000000, 0x0000000100000000)
  region size 1024K, 3 young (3072K), 3 survivors (3072K)
 Metaspace       used 13927K, committed 14208K, reserved 1114112K
  class space    used 1610K, committed 1728K, reserved 1048576K
}
Event: 2.565 GC heap before
{Heap before GC invocations=2 (full 0):
 garbage-first heap   total 114688K, used 53569K [0x0000000091000000, 0x0000000100000000)
  region size 1024K, 48 young (49152K), 3 survivors (3072K)
 Metaspace       used 21153K, committed 21504K, reserved 1114112K
  class space    used 2498K, committed 2688K, reserved 1048576K
}
Event: 2.570 GC heap after
{Heap after GC invocations=3 (full 0):
 garbage-first heap   total 114688K, used 12942K [0x0000000091000000, 0x0000000100000000)
  region size 1024K, 7 young (7168K), 7 survivors (7168K)
 Metaspace       used 21153K, committed 21504K, reserved 1114112K
  class space    used 2498K, committed 2688K, reserved 1048576K
}
Event: 3.246 GC heap before
{Heap before GC invocations=4 (full 0):
 garbage-first heap   total 51200K, used 36494K [0x0000000091000000, 0x0000000100000000)
  region size 1024K, 30 young (30720K), 7 survivors (7168K)
 Metaspace       used 25049K, committed 25472K, reserved 1114112K
  class space    used 3083K, committed 3264K, reserved 1048576K
}
Event: 3.254 GC heap after
{Heap after GC invocations=5 (full 0):
 garbage-first heap   total 51200K, used 15362K [0x0000000091000000, 0x0000000100000000)
  region size 1024K, 3 young (3072K), 3 survivors (3072K)
 Metaspace       used 25049K, committed 25472K, reserved 1114112K
  class space    used 3083K, committed 3264K, reserved 1048576K
}
Event: 3.285 GC heap before
{Heap before GC invocations=5 (full 0):
 garbage-first heap   total 51200K, used 16386K [0x0000000091000000, 0x0000000100000000)
  region size 1024K, 4 young (4096K), 3 survivors (3072K)
 Metaspace       used 25622K, committed 26048K, reserved 1114112K
  class space    used 3145K, committed 3328K, reserved 1048576K
}
Event: 3.289 GC heap after
{Heap after GC invocations=6 (full 0):
 garbage-first heap   total 51200K, used 15833K [0x0000000091000000, 0x0000000100000000)
  region size 1024K, 1 young (1024K), 1 survivors (1024K)
 Metaspace       used 25622K, committed 26048K, reserved 1114112K
  class space    used 3145K, committed 3328K, reserved 1048576K
}
Event: 3.772 GC heap before
{Heap before GC invocations=6 (full 0):
 garbage-first heap   total 51200K, used 34265K [0x0000000091000000, 0x0000000100000000)
  region size 1024K, 20 young (20480K), 1 survivors (1024K)
 Metaspace       used 29751K, committed 30272K, reserved 1114112K
  class space    used 3577K, committed 3840K, reserved 1048576K
}
Event: 3.776 GC heap after
{Heap after GC invocations=7 (full 0):
 garbage-first heap   total 51200K, used 17200K [0x0000000091000000, 0x0000000100000000)
  region size 1024K, 2 young (2048K), 2 survivors (2048K)
 Metaspace       used 29751K, committed 30272K, reserved 1114112K
  class space    used 3577K, committed 3840K, reserved 1048576K
}
Event: 4.379 GC heap before
{Heap before GC invocations=7 (full 0):
 garbage-first heap   total 51200K, used 36656K [0x0000000091000000, 0x0000000100000000)
  region size 1024K, 21 young (21504K), 2 survivors (2048K)
 Metaspace       used 34927K, committed 35456K, reserved 1114112K
  class space    used 4182K, committed 4416K, reserved 1048576K
}
Event: 4.382 GC heap after
{Heap after GC invocations=8 (full 0):
 garbage-first heap   total 51200K, used 18746K [0x0000000091000000, 0x0000000100000000)
  region size 1024K, 2 young (2048K), 2 survivors (2048K)
 Metaspace       used 34927K, committed 35456K, reserved 1114112K
  class space    used 4182K, committed 4416K, reserved 1048576K
}
Event: 4.467 GC heap before
{Heap before GC invocations=8 (full 0):
 garbage-first heap   total 51200K, used 20794K [0x0000000091000000, 0x0000000100000000)
  region size 1024K, 5 young (5120K), 2 survivors (2048K)
 Metaspace       used 35420K, committed 35968K, reserved 1114112K
  class space    used 4247K, committed 4480K, reserved 1048576K
}
Event: 4.469 GC heap after
{Heap after GC invocations=9 (full 0):
 garbage-first heap   total 51200K, used 18860K [0x0000000091000000, 0x0000000100000000)
  region size 1024K, 2 young (2048K), 2 survivors (2048K)
 Metaspace       used 35420K, committed 35968K, reserved 1114112K
  class space    used 4247K, committed 4480K, reserved 1048576K
}

