# JRE version: Java(TM) SE Runtime Environment (19.0.1+10) (build 19.0.1+10-21)
# Java VM: Java HotSpot(TM) 64-Bit Server VM (19.0.1+10-21, mixed mode, sharing, tiered, compressed oops, compressed class ptrs, g1 gc, windows-amd64)
GC Precious Log:
 CardTable entry size: 512
 Card Set container configuration: InlinePtr #cards 5 size 8 Array Of Cards #cards 12 size 40 Howl #buckets 4 coarsen threshold 1843 Howl Bitmap #cards 512 size 80 coarsen threshold 460 Card regions per heap region 1 cards per card region 2048
 CPUs: 8 total, 8 available
 Memory: 7103M
 Large Page Support: Disabled
 NUMA Support: Disabled
 Compressed Oops: Enabled (32-bit)
 Heap Region Size: 1M
 Heap Min Capacity: 8M
 Heap Initial Capacity: 112M
 Heap Max Capacity: 1776M
 Pre-touch: Disabled
 Parallel Workers: 8
 Concurrent Workers: 2
 Concurrent Refinement Workers: 8
 Periodic GC: Disabled
Heap:
 garbage-first heap   total 51200K, used 38406K [0x0000000091000000, 0x0000000100000000)
  region size 1024K, 17 young (17408K), 2 survivors (2048K)
 Metaspace       used 54772K, committed 55424K, reserved 1114112K
  class space    used 6988K, committed 7296K, reserved 1048576K
GC Heap History (20 events):
Event: 3.428 GC heap before
{Heap before GC invocations=4 (full 0):
 garbage-first heap   total 51200K, used 36437K [0x0000000091000000, 0x0000000100000000)
  region size 1024K, 30 young (30720K), 7 survivors (7168K)
 Metaspace       used 25039K, committed 25472K, reserved 1114112K
  class space    used 3074K, committed 3264K, reserved 1048576K
}
Event: 3.435 GC heap after
{Heap after GC invocations=5 (full 0):
 garbage-first heap   total 51200K, used 15388K [0x0000000091000000, 0x0000000100000000)
  region size 1024K, 3 young (3072K), 3 survivors (3072K)
 Metaspace       used 25039K, committed 25472K, reserved 1114112K
  class space    used 3074K, committed 3264K, reserved 1048576K
}
Event: 3.510 GC heap before
{Heap before GC invocations=5 (full 0):
 garbage-first heap   total 51200K, used 16412K [0x0000000091000000, 0x0000000100000000)
  region size 1024K, 4 young (4096K), 3 survivors (3072K)
 Metaspace       used 25889K, committed 26368K, reserved 1114112K
  class space    used 3168K, committed 3392K, reserved 1048576K
}
Event: 3.514 GC heap after
{Heap after GC invocations=6 (full 0):
 garbage-first heap   total 51200K, used 15884K [0x0000000091000000, 0x0000000100000000)
  region size 1024K, 1 young (1024K), 1 survivors (1024K)
 Metaspace       used 25889K, committed 26368K, reserved 1114112K
  class space    used 3168K, committed 3392K, reserved 1048576K
}
Event: 3.928 GC heap before
{Heap before GC invocations=6 (full 0):
 garbage-first heap   total 51200K, used 34316K [0x0000000091000000, 0x0000000100000000)
  region size 1024K, 20 young (20480K), 1 survivors (1024K)
 Metaspace       used 29793K, committed 30336K, reserved 1114112K
  class space    used 3576K, committed 3840K, reserved 1048576K
}
Event: 3.931 GC heap after
{Heap after GC invocations=7 (full 0):
 garbage-first heap   total 51200K, used 17176K [0x0000000091000000, 0x0000000100000000)
  region size 1024K, 2 young (2048K), 2 survivors (2048K)
 Metaspace       used 29793K, committed 30336K, reserved 1114112K
  class space    used 3576K, committed 3840K, reserved 1048576K
}
Event: 4.339 GC heap before
{Heap before GC invocations=7 (full 0):
 garbage-first heap   total 51200K, used 36632K [0x0000000091000000, 0x0000000100000000)
  region size 1024K, 21 young (21504K), 2 survivors (2048K)
 Metaspace       used 34940K, committed 35520K, reserved 1114112K
  class space    used 4175K, committed 4416K, reserved 1048576K
}
Event: 4.343 GC heap after
{Heap after GC invocations=8 (full 0):
 garbage-first heap   total 51200K, used 18789K [0x0000000091000000, 0x0000000100000000)
  region size 1024K, 2 young (2048K), 2 survivors (2048K)
 Metaspace       used 34940K, committed 35520K, reserved 1114112K
  class space    used 4175K, committed 4416K, reserved 1048576K
}
Event: 4.403 GC heap before
{Heap before GC invocations=8 (full 0):
 garbage-first heap   total 51200K, used 19813K [0x0000000091000000, 0x0000000100000000)
  region size 1024K, 4 young (4096K), 2 survivors (2048K)
 Metaspace       used 35429K, committed 35968K, reserved 1114112K
  class space    used 4239K, committed 4480K, reserved 1048576K
}
Event: 4.405 GC heap after
{Heap after GC invocations=9 (full 0):
 garbage-first heap   total 51200K, used 18761K [0x0000000091000000, 0x0000000100000000)
  region size 1024K, 2 young (2048K), 2 survivors (2048K)
 Metaspace       used 35429K, committed 35968K, reserved 1114112K
  class space    used 4239K, committed 4480K, reserved 1048576K
}
Event: 4.904 GC heap before
{Heap before GC invocations=10 (full 0):
 garbage-first heap   total 51200K, used 38217K [0x0000000091000000, 0x0000000100000000)
  region size 1024K, 21 young (21504K), 2 survivors (2048K)
 Metaspace       used 40826K, committed 41408K, reserved 1114112K
  class space    used 5094K, committed 5376K, reserved 1048576K
}
Event: 4.907 GC heap after
{Heap after GC invocations=11 (full 0):
 garbage-first heap   total 51200K, used 20055K [0x0000000091000000, 0x0000000100000000)
  region size 1024K, 2 young (2048K), 2 survivors (2048K)
 Metaspace       used 40826K, committed 41408K, reserved 1114112K
  class space    used 5094K, committed 5376K, reserved 1048576K
}
Event: 4.925 GC heap before
{Heap before GC invocations=11 (full 0):
 garbage-first heap   total 51200K, used 21079K [0x0000000091000000, 0x0000000100000000)
  region size 1024K, 3 young (3072K), 2 survivors (2048K)
 Metaspace       used 41240K, committed 41856K, reserved 1114112K
  class space    used 5155K, committed 5440K, reserved 1048576K
}
Event: 4.927 GC heap after
{Heap after GC invocations=12 (full 0):
 garbage-first heap   total 51200K, used 19668K [0x0000000091000000, 0x0000000100000000)
  region size 1024K, 1 young (1024K), 1 survivors (1024K)
 Metaspace       used 41240K, committed 41856K, reserved 1114112K
  class space    used 5155K, committed 5440K, reserved 1048576K
}
Event: 5.352 GC heap before
{Heap before GC invocations=12 (full 0):
 garbage-first heap   total 51200K, used 38100K [0x0000000091000000, 0x0000000100000000)
  region size 1024K, 20 young (20480K), 1 survivors (1024K)
 Metaspace       used 46620K, committed 47168K, reserved 1114112K
  class space    used 5941K, committed 6208K, reserved 1048576K
}
Event: 5.355 GC heap after
{Heap after GC invocations=13 (full 0):
 garbage-first heap   total 51200K, used 21069K [0x0000000091000000, 0x0000000100000000)
  region size 1024K, 2 young (2048K), 2 survivors (2048K)
 Metaspace       used 46620K, committed 47168K, reserved 1114112K
  class space    used 5941K, committed 6208K, reserved 1048576K
}
Event: 5.759 GC heap before
{Heap before GC invocations=13 (full 0):
 garbage-first heap   total 51200K, used 39501K [0x0000000091000000, 0x0000000100000000)
  region size 1024K, 20 young (20480K), 2 survivors (2048K)
 Metaspace       used 49048K, committed 49664K, reserved 1114112K
  class space    used 6316K, committed 6592K, reserved 1048576K
}
Event: 5.763 GC heap after
{Heap after GC invocations=14 (full 0):
 garbage-first heap   total 51200K, used 23240K [0x0000000091000000, 0x0000000100000000)
  region size 1024K, 3 young (3072K), 3 survivors (3072K)
 Metaspace       used 49048K, committed 49664K, reserved 1114112K
  class space    used 6316K, committed 6592K, reserved 1048576K
}
Event: 6.105 GC heap before
{Heap before GC invocations=14 (full 0):
 garbage-first heap   total 51200K, used 39624K [0x0000000091000000, 0x0000000100000000)
  region size 1024K, 19 young (19456K), 3 survivors (3072K)
 Metaspace       used 51278K, committed 51904K, reserved 1114112K
  class space    used 6579K, committed 6912K, reserved 1048576K
}
Event: 6.109 GC heap after
{Heap after GC invocations=15 (full 0):
 garbage-first heap   total 51200K, used 25094K [0x0000000091000000, 0x0000000100000000)
  region size 1024K, 2 young (2048K), 2 survivors (2048K)
 Metaspace       used 51278K, committed 51904K, reserved 1114112K
  class space    used 6579K, committed 6912K, reserved 1048576K
}

